<?xml version="1.0" encoding="UTF-8"?>
<!-- Generated by org.testng.reporters.JUnitReportReporter -->
<testsuite skipped="0" hostname="MSI" name="com.test.first.JSONDataProvider" tests="1" failures="0" timestamp="08 Jul 2020 07:52:13 GMT" time="0.003" errors="0">
  <testcase name="readJson" time="0.003" classname="com.test.first.JSONDataProvider"/>
</testsuite> <!-- com.test.first.JSONDataProvider -->
