<?xml version="1.0" encoding="UTF-8"?>
<!-- Generated by org.testng.reporters.JUnitReportReporter -->
<testsuite skipped="0" hostname="MSI" name="com.test.first.NewTest" tests="9" failures="0" timestamp="01 Aug 2020 14:21:36 GMT" time="0.075" errors="0">
  <testcase name="loginTest" time="0.003" classname="com.test.first.NewTest"/>
  <testcase name="dependTest" time="0.005" classname="com.test.first.NewTest"/>
  <testcase name="f1" time="0.007" classname="com.test.first.NewTest"/>
  <testcase name="TimeoutTest" time="0.028" classname="com.test.first.NewTest"/>
  <testcase name="myTestOne" time="0.006" classname="com.test.first.NewTest"/>
  <testcase name="f2" time="0.004" classname="com.test.first.NewTest"/>
  <testcase name="f" time="0.002" classname="com.test.first.NewTest"/>
  <testcase name="Ford" time="0.017" classname="com.test.first.NewTest"/>
  <testcase name="Ferrari" time="0.003" classname="com.test.first.NewTest"/>
</testsuite> <!-- com.test.first.NewTest -->
