<?xml version="1.0" encoding="UTF-8"?>
<!-- Generated by org.testng.reporters.JUnitReportReporter -->
<testsuite skipped="0" hostname="MSI" name="com.test.first.NewTest" tests="2" failures="0" timestamp="01 Aug 2020 14:08:22 GMT" time="0.027" errors="0">
  <testcase name="Ford" time="0.016" classname="com.test.first.NewTest"/>
  <testcase name="Ferrari" time="0.011" classname="com.test.first.NewTest"/>
</testsuite> <!-- com.test.first.NewTest -->
