<?xml version="1.0" encoding="UTF-8"?>
<!-- Generated by org.testng.reporters.JUnitReportReporter -->
<testsuite skipped="0" hostname="MSI" name="com.test.extentreport.TestingReport" tests="1" failures="0" timestamp="22 Sep 2020 04:35:54 GMT" time="20.042" errors="0">
  <testcase name="SeleniumDemo" time="20.042" classname="com.test.extentreport.TestingReport"/>
</testsuite> <!-- com.test.extentreport.TestingReport -->
