<?xml version="1.0" encoding="UTF-8"?>
<!-- Generated by org.testng.reporters.JUnitReportReporter -->
<testsuite skipped="0" hostname="MSI" name="com.test.first.NewTest" tests="1" failures="0" timestamp="10 Dec 2019 13:24:09 GMT" time="0.015" errors="0">
  <testcase name="f" time="0.015" classname="com.test.first.NewTest"/>
</testsuite> <!-- com.test.first.NewTest -->
